<?xml version="1.0" encoding="UTF-8"?>
<testng-results ignored="0" total="1" passed="1" failed="0" skipped="0">
  <reporter-output>
  </reporter-output>
  <suite started-at="2020-03-04T21:29:39 EST" name="Default suite" finished-at="2020-03-04T21:30:04 EST" duration-ms="24377">
    <groups>
    </groups>
    <test started-at="2020-03-04T21:29:39 EST" name="Default test" finished-at="2020-03-04T21:30:04 EST" duration-ms="24377">
      <class name="maven.Medical">
        <test-method signature="createPatient()[pri:0, instance:maven.Medical@6e75aa0d]" started-at="2020-03-04T21:29:39 EST" name="createPatient" finished-at="2020-03-04T21:30:04 EST" duration-ms="24338" status="PASS">
          <reporter-output>
          </reporter-output>
        </test-method> <!-- createPatient -->
      </class> <!-- maven.Medical -->
    </test> <!-- Default test -->
  </suite> <!-- Default suite -->
</testng-results>
